Arguments: 
  /home/morramidy/.nvm/versions/node/v18.18.2/bin/node /home/morramidy/.nvm/versions/node/v18.18.2/bin/yarn init

PATH: 
  /home/morramidy/.nvm/versions/node/v18.18.2/bin:/usr/local/sbin:/usr/local/bin:/usr/sbin:/usr/bin:/sbin:/bin:/usr/games:/usr/local/games:/snap/bin:/snap/bin:/home/morramidy/Android/Sdk/emulator:/home/morramidy/Android/Sdk/tools:/home/morramidy/Android/Sdk/tools/bin:/home/morramidy/Android/Sdk/platform-tools

Yarn version: 
  1.22.19

Node version: 
  18.18.2

Platform: 
  linux x64

Trace: 
  Error: canceled
      at Interface.<anonymous> (/home/morramidy/.nvm/versions/node/v18.18.2/lib/node_modules/yarn/lib/cli.js:137150:13)
      at Interface.emit (node:events:517:28)
      at [_ttyWrite] [as _ttyWrite] (node:internal/readline/interface:1132:18)
      at ReadStream.onkeypress (node:internal/readline/interface:271:20)
      at ReadStream.emit (node:events:517:28)
      at emitKeys (node:internal/readline/utils:357:14)
      at emitKeys.next (<anonymous>)
      at ReadStream.onData (node:internal/readline/emitKeypressEvents:64:36)
      at ReadStream.emit (node:events:517:28)
      at addChunk (node:internal/streams/readable:335:12)

npm manifest: 
  No manifest

yarn manifest: 
  No manifest

Lockfile: 
  No lockfile
